<?xml version="1.0" encoding="UTF-8"?>
<testng-results skipped="0" failed="0" total="1" passed="1">
  <reporter-output>
  </reporter-output>
  <suite name="Selenium Coding challange 1" duration-ms="52163" started-at="2019-11-26T09:29:58Z" finished-at="2019-11-26T09:30:50Z">
    <groups>
    </groups>
    <test name="Search the Flat Availability" duration-ms="52163" started-at="2019-11-26T09:29:58Z" finished-at="2019-11-26T09:30:50Z">
      <class name="org.abk.testcases.HomePageTest">
        <test-method status="PASS" signature="setUp()[pri:0, instance:org.abk.testcases.HomePageTest@5e025e70]" name="setUp" is-config="true" duration-ms="24868" started-at="2019-11-26T14:59:58Z" finished-at="2019-11-26T15:00:23Z">
          <reporter-output>
          </reporter-output>
        </test-method> <!-- setUp -->
        <test-method status="PASS" signature="searchForHome()[pri:0, instance:org.abk.testcases.HomePageTest@5e025e70]" name="searchForHome" duration-ms="27276" started-at="2019-11-26T15:00:23Z" finished-at="2019-11-26T15:00:50Z">
          <reporter-output>
          </reporter-output>
        </test-method> <!-- searchForHome -->
        <test-method status="PASS" signature="tearDown()[pri:0, instance:org.abk.testcases.HomePageTest@5e025e70]" name="tearDown" is-config="true" duration-ms="0" started-at="2019-11-26T15:00:50Z" finished-at="2019-11-26T15:00:50Z">
          <reporter-output>
          </reporter-output>
        </test-method> <!-- tearDown -->
      </class> <!-- org.abk.testcases.HomePageTest -->
    </test> <!-- Search the Flat Availability -->
  </suite> <!-- Selenium Coding challange 1 -->
</testng-results>
