<?xml version="1.0" encoding="UTF-8"?>
<testng-results skipped="0" failed="0" total="1" passed="1">
  <reporter-output>
  </reporter-output>
  <suite name="Selenium Coding challange 1" duration-ms="64149" started-at="2019-11-27T17:10:55Z" finished-at="2019-11-27T17:11:59Z">
    <groups>
    </groups>
    <test name="Search the Flat Availability" duration-ms="64149" started-at="2019-11-27T17:10:55Z" finished-at="2019-11-27T17:11:59Z">
      <class name="org.abk.testcases.HomePageTest">
        <test-method status="PASS" signature="setUp()[pri:0, instance:org.abk.testcases.HomePageTest@26be92ad]" name="setUp" is-config="true" duration-ms="39146" started-at="2019-11-27T22:40:55Z" finished-at="2019-11-27T22:41:34Z">
          <reporter-output>
          </reporter-output>
        </test-method> <!-- setUp -->
        <test-method status="PASS" signature="searchForHome()[pri:0, instance:org.abk.testcases.HomePageTest@26be92ad]" name="searchForHome" duration-ms="24961" started-at="2019-11-27T22:41:34Z" finished-at="2019-11-27T22:41:59Z">
          <reporter-output>
          </reporter-output>
        </test-method> <!-- searchForHome -->
        <test-method status="PASS" signature="tearDown()[pri:0, instance:org.abk.testcases.HomePageTest@26be92ad]" name="tearDown" is-config="true" duration-ms="0" started-at="2019-11-27T22:41:59Z" finished-at="2019-11-27T22:41:59Z">
          <reporter-output>
          </reporter-output>
        </test-method> <!-- tearDown -->
      </class> <!-- org.abk.testcases.HomePageTest -->
    </test> <!-- Search the Flat Availability -->
  </suite> <!-- Selenium Coding challange 1 -->
</testng-results>
